<?xml version="1.0" encoding="UTF-8"?>
<!-- Generated by org.testng.reporters.JUnitReportReporter -->
<testsuite hostname="LP-480FCF6C78D2" name="com.maven.demo.MyMavenDemo.TestOpenApp" tests="1" failures="0" timestamp="26 Dec 2017 12:04:17 GMT" time="33.036" errors="0">
  <testcase name="openApp" time="33.036" classname="com.maven.demo.MyMavenDemo.TestOpenApp"/>
</testsuite>
